<?xml version="1.0" encoding="UTF-8"?>
<testsuite name="runners.cukesRunner" time="4.48" tests="1" errors="0" skipped="0" failures="1">
  <properties>
    <property name="java.runtime.name" value="Java(TM) SE Runtime Environment"/>
    <property name="java.vm.version" value="12.0.2+10"/>
    <property name="sun.boot.library.path" value="/Library/Java/JavaVirtualMachines/jdk-12.0.2.jdk/Contents/Home/lib"/>
    <property name="maven.multiModuleProjectDirectory" value="/Users/kuba/Projects/TLA/Selenium/Projects (IntelliJ)/CucumberBDD"/>
    <property name="java.vm.vendor" value="Oracle Corporation"/>
    <property name="java.vendor.url" value="https://java.oracle.com/"/>
    <property name="guice.disable.misplaced.annotation.check" value="true"/>
    <property name="path.separator" value=":"/>
    <property name="java.vm.name" value="Java HotSpot(TM) 64-Bit Server VM"/>
    <property name="user.country" value="US"/>
    <property name="sun.java.launcher" value="SUN_STANDARD"/>
    <property name="java.vm.specification.name" value="Java Virtual Machine Specification"/>
    <property name="user.dir" value="/Users/kuba/Projects/TLA/Selenium/Projects (IntelliJ)/CucumberBDD"/>
    <property name="java.vm.compressedOopsMode" value="Zero based"/>
    <property name="java.runtime.version" value="12.0.2+10"/>
    <property name="java.awt.graphicsenv" value="sun.awt.CGraphicsEnvironment"/>
    <property name="os.arch" value="x86_64"/>
    <property name="java.io.tmpdir" value="/var/folders/w3/t0nrh8ld72z74h4c1p3hvp1r0000gn/T/"/>
    <property name="line.separator" value="&#10;"/>
    <property name="java.vm.specification.vendor" value="Oracle Corporation"/>
    <property name="os.name" value="Mac OS X"/>
    <property name="classworlds.conf" value="/Users/kuba/Projects/Coding Projects/libs/apache-maven-3.6.3/bin/m2.conf"/>
    <property name="sun.jnu.encoding" value="UTF-8"/>
    <property name="java.library.path" value="/Users/kuba/Library/Java/Extensions:/Library/Java/Extensions:/Network/Library/Java/Extensions:/System/Library/Java/Extensions:/usr/lib/java:."/>
    <property name="maven.conf" value="/Users/kuba/Projects/Coding Projects/libs/apache-maven-3.6.3/conf"/>
    <property name="jdk.debug" value="release"/>
    <property name="java.class.version" value="56.0"/>
    <property name="java.specification.name" value="Java Platform API Specification"/>
    <property name="sun.management.compiler" value="HotSpot 64-Bit Tiered Compilers"/>
    <property name="os.version" value="10.15.6"/>
    <property name="library.jansi.path" value="/Users/kuba/Projects/Coding Projects/libs/apache-maven-3.6.3/lib/jansi-native"/>
    <property name="http.nonProxyHosts" value="local|*.local|169.254/16|*.169.254/16"/>
    <property name="user.home" value="/Users/kuba"/>
    <property name="user.timezone" value="America/New_York"/>
    <property name="file.encoding" value="UTF-8"/>
    <property name="java.specification.version" value="12"/>
    <property name="user.name" value="kuba"/>
    <property name="java.class.path" value="/Users/kuba/Projects/Coding Projects/libs/apache-maven-3.6.3/boot/plexus-classworlds-2.6.0.jar"/>
    <property name="java.vm.specification.version" value="12"/>
    <property name="sun.arch.data.model" value="64"/>
    <property name="sun.java.command" value="org.codehaus.plexus.classworlds.launcher.Launcher verify"/>
    <property name="java.home" value="/Library/Java/JavaVirtualMachines/jdk-12.0.2.jdk/Contents/Home"/>
    <property name="user.language" value="en"/>
    <property name="java.specification.vendor" value="Oracle Corporation"/>
    <property name="awt.toolkit" value="sun.lwawt.macosx.LWCToolkit"/>
    <property name="java.vm.info" value="mixed mode, sharing"/>
    <property name="java.version" value="12.0.2"/>
    <property name="java.vendor" value="Oracle Corporation"/>
    <property name="maven.home" value="/Users/kuba/Projects/Coding Projects/libs/apache-maven-3.6.3"/>
    <property name="file.separator" value="/"/>
    <property name="java.version.date" value="2019-07-16"/>
    <property name="java.vendor.url.bug" value="https://bugreport.java.com/bugreport/"/>
    <property name="sun.io.unicode.encoding" value="UnicodeBig"/>
    <property name="sun.cpu.endian" value="little"/>
    <property name="socksNonProxyHosts" value="local|*.local|169.254/16|*.169.254/16"/>
    <property name="ftp.nonProxyHosts" value="local|*.local|169.254/16|*.169.254/16"/>
  </properties>
  <testcase name="Testing chase bank" classname="Class tasks" time="4.48">
    <failure message="expected:&lt;...e Online | Chase.com[S]&gt; but was:&lt;...e Online | Chase.com[]&gt;" type="org.junit.ComparisonFailure"><![CDATA[org.junit.ComparisonFailure: expected:<...e Online | Chase.com[S]> but was:<...e Online | Chase.com[]>
	at org.junit.Assert.assertEquals(Assert.java:117)
	at org.junit.Assert.assertEquals(Assert.java:146)
	at step_definitions.ClassTaskSteps.iVerifyTitleIs(ClassTaskSteps.java:32)
	at ✽.I verify title is "Credit Card, Mortgage, Banking, Auto | Chase Online | Chase.comS"(file:///Users/kuba/Projects/TLA/Selenium/Projects%20(IntelliJ)/CucumberBDD/src/test/resources/features/classTaks.feature:18)
]]></failure>
    <system-out><![CDATA[
@classTasks @chase
Scenario: Testing chase bank                                                                &amp#27;[90m# src/test/resources/features/classTaks.feature:16&amp#27;[0m

    08-22-2020 15:08:25 INFO:  opened website: chase bank


    Embedding Screenshot | 08-22-2020 15:08:25 [image/png 261412 bytes]

  &amp#27;[32mGiven &amp#27;[0m&amp#27;[32mI open &amp#27;[0m&amp#27;[32m&amp#27;[1m"chase bank"&amp#27;[0m                                                                 &amp#27;[90m# step_definitions.ClassTaskSteps.iOpen(java.lang.String)&amp#27;[0m
  &amp#27;[31mThen &amp#27;[0m&amp#27;[31mI verify title is &amp#27;[0m&amp#27;[31m&amp#27;[1m"Credit Card, Mortgage, Banking, Auto | Chase Online | Chase.comS"&amp#27;[0m &amp#27;[90m# step_definitions.ClassTaskSteps.iVerifyTitleIs(java.lang.String)&amp#27;[0m
      &amp#27;[31morg.junit.ComparisonFailure: expected:<...e Online | Chase.com[S]> but was:<...e Online | Chase.com[]>
	at org.junit.Assert.assertEquals(Assert.java:117)
	at org.junit.Assert.assertEquals(Assert.java:146)
	at step_definitions.ClassTaskSteps.iVerifyTitleIs(ClassTaskSteps.java:32)
	at ✽.I verify title is "Credit Card, Mortgage, Banking, Auto | Chase Online | Chase.comS"(file:///Users/kuba/Projects/TLA/Selenium/Projects%20(IntelliJ)/CucumberBDD/src/test/resources/features/classTaks.feature:18)
&amp#27;[0m
  &amp#27;[36mWhen &amp#27;[0m&amp#27;[36mI click &amp#27;[0m&amp#27;[36m&amp#27;[1m"ATM & branch"&amp#27;[0m&amp#27;[36m button&amp#27;[0m                                                        &amp#27;[90m# step_definitions.ClassTaskSteps.iClickButton(java.lang.String)&amp#27;[0m

    Embedding Screenshot | 08-22-2020 15:08:25 [image/png 262587 bytes]

]]></system-out>
    <system-err><![CDATA[Aug 22, 2020 3:08:22 PM io.cucumber.junit.Cucumber <init>
WARNING: By default Cucumber is running in --non-strict mode.
This default will change to --strict and --non-strict will be removed.
You can use --strict or @CucumberOptions(strict = true) to suppress this warning
Aug 22, 2020 3:08:22 PM io.cucumber.junit.Cucumber <init>
WARNING: By default Cucumber is running in --non-strict mode.
This default will change to --strict and --non-strict will be removed.
You can use --strict or @CucumberOptions(strict = true) to suppress this warning
SLF4J: Failed to load class "org.slf4j.impl.StaticLoggerBinder".
SLF4J: Defaulting to no-operation (NOP) logger implementation
SLF4J: See http://www.slf4j.org/codes.html#StaticLoggerBinder for further details.
Starting ChromeDriver 84.0.4147.30 (48b3e868b4cc0aa7e8149519690b6f6949e110a8-refs/branch-heads/4147@{#310}) on port 35885
Only local connections are allowed.
Please see https://chromedriver.chromium.org/security-considerations for suggestions on keeping ChromeDriver safe.
ChromeDriver was started successfully.
Aug 22, 2020 3:08:23 PM org.openqa.selenium.remote.ProtocolHandshake createSession
INFO: Detected dialect: W3C
]]></system-err>
  </testcase>
</testsuite>